0 info it worked if it ends with ok
1 verbose cli [ '/usr/bin/nodejs',
1 verbose cli   '/usr/bin/npm',
1 verbose cli   'install',
1 verbose cli   'underscore',
1 verbose cli   '--save' ]
2 info using npm@3.5.2
3 info using node@v4.2.6
4 silly loadCurrentTree Starting
5 silly install loadCurrentTree
6 silly install readLocalPackageData
7 silly fetchPackageMetaData underscore
8 silly fetchNamedPackageData underscore
9 silly mapToRegistry name underscore
10 silly mapToRegistry using default registry
11 silly mapToRegistry registry https://registry.npmjs.org/
12 silly mapToRegistry uri https://registry.npmjs.org/underscore
13 verbose request uri https://registry.npmjs.org/underscore
14 verbose request no auth needed
15 info attempt registry request try #1 at 8:18:45 PM
16 verbose request id abace865a99e93f3
17 http request GET https://registry.npmjs.org/underscore
18 http 200 https://registry.npmjs.org/underscore
19 verbose headers { date: 'Thu, 07 Jun 2018 20:18:46 GMT',
19 verbose headers   'content-type': 'application/json; charset=UTF-8',
19 verbose headers   'transfer-encoding': 'chunked',
19 verbose headers   connection: 'keep-alive',
19 verbose headers   'set-cookie': [ '__cfduid=d6d6f7ad959de45a4e3b775d222ddc86f1528402726; expires=Fri, 07-Jun-19 20:18:46 GMT; path=/; domain=.registry.npmjs.org; HttpOnly' ],
19 verbose headers   'cache-control': 'max-age=300',
19 verbose headers   'cf-cache-status': 'HIT',
19 verbose headers   'cf-ray': '4275cf4dbfd59fd2-IAD',
19 verbose headers   etag: 'W/"3d73c908233f71fa6b05e474595f0a23"',
19 verbose headers   'expect-ct': 'max-age=604800, report-uri="https://report-uri.cloudflare.com/cdn-cgi/beacon/expect-ct"',
19 verbose headers   'last-modified': 'Thu, 31 May 2018 21:11:47 GMT',
19 verbose headers   vary: 'accept-encoding, accept',
19 verbose headers   server: 'cloudflare',
19 verbose headers   'content-encoding': 'gzip' }
20 silly get cb [ 200,
20 silly get   { date: 'Thu, 07 Jun 2018 20:18:46 GMT',
20 silly get     'content-type': 'application/json; charset=UTF-8',
20 silly get     'transfer-encoding': 'chunked',
20 silly get     connection: 'keep-alive',
20 silly get     'set-cookie': [ '__cfduid=d6d6f7ad959de45a4e3b775d222ddc86f1528402726; expires=Fri, 07-Jun-19 20:18:46 GMT; path=/; domain=.registry.npmjs.org; HttpOnly' ],
20 silly get     'cache-control': 'max-age=300',
20 silly get     'cf-cache-status': 'HIT',
20 silly get     'cf-ray': '4275cf4dbfd59fd2-IAD',
20 silly get     etag: 'W/"3d73c908233f71fa6b05e474595f0a23"',
20 silly get     'expect-ct': 'max-age=604800, report-uri="https://report-uri.cloudflare.com/cdn-cgi/beacon/expect-ct"',
20 silly get     'last-modified': 'Thu, 31 May 2018 21:11:47 GMT',
20 silly get     vary: 'accept-encoding, accept',
20 silly get     server: 'cloudflare',
20 silly get     'content-encoding': 'gzip' } ]
21 verbose get saving underscore to /home/ubuntu/.npm/registry.npmjs.org/underscore/.cache.json
22 silly install normalizeTree
23 silly loadCurrentTree Finishing
24 silly loadIdealTree Starting
25 silly install loadIdealTree
26 silly cloneCurrentTree Starting
27 silly install cloneCurrentTreeToIdealTree
28 silly cloneCurrentTree Finishing
29 silly loadShrinkwrap Starting
30 silly install loadShrinkwrap
31 silly loadShrinkwrap Finishing
32 silly loadAllDepsIntoIdealTree Starting
33 silly install loadAllDepsIntoIdealTree
34 silly resolveWithNewModule underscore@1.9.1 checking installable status
35 silly cache add args [ 'underscore', null ]
36 verbose cache add spec underscore
37 silly cache add parsed spec Result {
37 silly cache add   raw: 'underscore',
37 silly cache add   scope: null,
37 silly cache add   name: 'underscore',
37 silly cache add   rawSpec: '',
37 silly cache add   spec: 'latest',
37 silly cache add   type: 'tag' }
38 silly addNamed underscore@latest
39 verbose addNamed "latest" is being treated as a dist-tag for underscore
40 info addNameTag [ 'underscore', 'latest' ]
41 silly mapToRegistry name underscore
42 silly mapToRegistry using default registry
43 silly mapToRegistry registry https://registry.npmjs.org/
44 silly mapToRegistry uri https://registry.npmjs.org/underscore
45 verbose addNameTag registry:https://registry.npmjs.org/underscore not in flight; fetching
46 verbose get https://registry.npmjs.org/underscore not expired, no request
47 silly addNameTag next cb for underscore with tag latest
48 silly addNamed underscore@1.9.1
49 verbose addNamed "1.9.1" is a plain semver version for underscore
50 silly mapToRegistry name underscore
51 silly mapToRegistry using default registry
52 silly mapToRegistry registry https://registry.npmjs.org/
53 silly mapToRegistry uri https://registry.npmjs.org/underscore
54 verbose addRemoteTarball https://registry.npmjs.org/underscore/-/underscore-1.9.1.tgz not in flight; adding
55 verbose addRemoteTarball [ 'https://registry.npmjs.org/underscore/-/underscore-1.9.1.tgz',
55 verbose addRemoteTarball   '06dce34a0e68a7babc29b365b8e74b8925203961' ]
56 info retry fetch attempt 1 at 8:18:46 PM
57 info attempt registry request try #1 at 8:18:46 PM
58 http fetch GET https://registry.npmjs.org/underscore/-/underscore-1.9.1.tgz
59 http fetch 200 https://registry.npmjs.org/underscore/-/underscore-1.9.1.tgz
60 silly fetchAndShaCheck shasum 06dce34a0e68a7babc29b365b8e74b8925203961
61 verbose addTmpTarball /tmp/npm-9677-f6dda473/registry.npmjs.org/underscore/-/underscore-1.9.1.tgz not in flight; adding
62 verbose addTmpTarball already have metadata; skipping unpack for underscore@1.9.1
63 silly cache afterAdd underscore@1.9.1
64 verbose afterAdd /home/ubuntu/.npm/underscore/1.9.1/package/package.json not in flight; writing
65 verbose afterAdd /home/ubuntu/.npm/underscore/1.9.1/package/package.json written
66 silly loadAllDepsIntoIdealTree Finishing
67 silly idealTree:prePrune basewars-webserver@1.0.0
67 silly idealTree:prePrune ├── accepts@1.3.5
67 silly idealTree:prePrune ├── after@0.8.2
67 silly idealTree:prePrune ├── ansi-regex@2.1.1
67 silly idealTree:prePrune ├── ansi-styles@2.2.1
67 silly idealTree:prePrune ├── array-flatten@1.1.1
67 silly idealTree:prePrune ├── arraybuffer.slice@0.0.6
67 silly idealTree:prePrune ├── async@2.6.1
67 silly idealTree:prePrune ├── backo2@1.0.2
67 silly idealTree:prePrune ├── base64-arraybuffer@0.1.5
67 silly idealTree:prePrune ├── base64id@1.0.0
67 silly idealTree:prePrune ├── better-assert@1.0.2
67 silly idealTree:prePrune ├── blob@0.0.4
67 silly idealTree:prePrune ├── bluebird@3.5.1
67 silly idealTree:prePrune ├── body-parser@1.18.3
67 silly idealTree:prePrune ├── bson@1.0.6
67 silly idealTree:prePrune ├── bytes@3.0.0
67 silly idealTree:prePrune ├── callsite@1.0.0
67 silly idealTree:prePrune ├── chalk@1.1.3
67 silly idealTree:prePrune ├── component-bind@1.0.0
67 silly idealTree:prePrune ├── component-emitter@1.1.2
67 silly idealTree:prePrune ├── component-inherit@0.0.3
67 silly idealTree:prePrune ├── content-disposition@0.5.2
67 silly idealTree:prePrune ├── content-type@1.0.4
67 silly idealTree:prePrune ├── cookie-parser@1.4.3
67 silly idealTree:prePrune ├── cookie-signature@1.0.6
67 silly idealTree:prePrune ├── cookie@0.3.1
67 silly idealTree:prePrune ├── debug@2.6.9
67 silly idealTree:prePrune ├── depd@1.1.2
67 silly idealTree:prePrune ├── destroy@1.0.4
67 silly idealTree:prePrune ├── ee-first@1.1.1
67 silly idealTree:prePrune ├── ejs@2.6.1
67 silly idealTree:prePrune ├── encodeurl@1.0.2
67 silly idealTree:prePrune ├─┬ engine.io-client@1.8.5
67 silly idealTree:prePrune │ ├── component-emitter@1.2.1
67 silly idealTree:prePrune │ ├── debug@2.3.3
67 silly idealTree:prePrune │ └── ms@0.7.2
67 silly idealTree:prePrune ├── engine.io-parser@1.3.2
67 silly idealTree:prePrune ├─┬ engine.io@1.8.5
67 silly idealTree:prePrune │ ├── accepts@1.3.3
67 silly idealTree:prePrune │ ├── debug@2.3.3
67 silly idealTree:prePrune │ └── ms@0.7.2
67 silly idealTree:prePrune ├── escape-html@1.0.3
67 silly idealTree:prePrune ├── escape-string-regexp@1.0.5
67 silly idealTree:prePrune ├── etag@1.8.1
67 silly idealTree:prePrune ├─┬ express@4.16.3
67 silly idealTree:prePrune │ ├── body-parser@1.18.2
67 silly idealTree:prePrune │ ├── iconv-lite@0.4.19
67 silly idealTree:prePrune │ ├── qs@6.5.1
67 silly idealTree:prePrune │ ├─┬ raw-body@2.3.2
67 silly idealTree:prePrune │ │ ├── depd@1.1.1
67 silly idealTree:prePrune │ │ ├── http-errors@1.6.2
67 silly idealTree:prePrune │ │ └── setprototypeof@1.0.3
67 silly idealTree:prePrune │ └── statuses@1.4.0
67 silly idealTree:prePrune ├─┬ finalhandler@1.1.1
67 silly idealTree:prePrune │ └── statuses@1.4.0
67 silly idealTree:prePrune ├── forwarded@0.1.2
67 silly idealTree:prePrune ├── fresh@0.5.2
67 silly idealTree:prePrune ├── harmonica@1.2.2
67 silly idealTree:prePrune ├── has-ansi@2.0.0
67 silly idealTree:prePrune ├── has-binary@0.1.7
67 silly idealTree:prePrune ├── has-cors@1.1.0
67 silly idealTree:prePrune ├── http-errors@1.6.3
67 silly idealTree:prePrune ├── iconv-lite@0.4.23
67 silly idealTree:prePrune ├── indexof@0.0.1
67 silly idealTree:prePrune ├── inherits@2.0.3
67 silly idealTree:prePrune ├── ipaddr.js@1.6.0
67 silly idealTree:prePrune ├── isarray@0.0.1
67 silly idealTree:prePrune ├── json3@3.3.2
67 silly idealTree:prePrune ├── kareem@2.1.0
67 silly idealTree:prePrune ├── lodash.get@4.4.2
67 silly idealTree:prePrune ├── lodash.toarray@4.4.0
67 silly idealTree:prePrune ├── lodash@4.17.10
67 silly idealTree:prePrune ├── media-typer@0.3.0
67 silly idealTree:prePrune ├── merge-descriptors@1.0.1
67 silly idealTree:prePrune ├── methods@1.1.2
67 silly idealTree:prePrune ├── mime-db@1.33.0
67 silly idealTree:prePrune ├── mime-types@2.1.18
67 silly idealTree:prePrune ├── mime@1.4.1
67 silly idealTree:prePrune ├── mongodb-core@3.0.8
67 silly idealTree:prePrune ├── mongodb@3.0.9
67 silly idealTree:prePrune ├── mongoose-legacy-pluralize@1.0.2
67 silly idealTree:prePrune ├── mongoose@5.1.4
67 silly idealTree:prePrune ├── mpath@0.4.1
67 silly idealTree:prePrune ├─┬ mquery@3.0.0
67 silly idealTree:prePrune │ ├── bluebird@3.5.0
67 silly idealTree:prePrune │ └── sliced@0.0.5
67 silly idealTree:prePrune ├── ms@2.0.0
67 silly idealTree:prePrune ├── negotiator@0.6.1
67 silly idealTree:prePrune ├── node-emoji@1.8.1
67 silly idealTree:prePrune ├── object-assign@4.1.0
67 silly idealTree:prePrune ├── object-component@0.0.3
67 silly idealTree:prePrune ├── on-finished@2.3.0
67 silly idealTree:prePrune ├── options@0.0.6
67 silly idealTree:prePrune ├── parsejson@0.0.3
67 silly idealTree:prePrune ├── parseqs@0.0.5
67 silly idealTree:prePrune ├── parseuri@0.0.5
67 silly idealTree:prePrune ├── parseurl@1.3.2
67 silly idealTree:prePrune ├── passport-local@1.0.0
67 silly idealTree:prePrune ├── passport-strategy@1.0.0
67 silly idealTree:prePrune ├── passport@0.4.0
67 silly idealTree:prePrune ├── path-to-regexp@0.1.7
67 silly idealTree:prePrune ├── pause@0.0.1
67 silly idealTree:prePrune ├── proxy-addr@2.0.3
67 silly idealTree:prePrune ├── qs@6.5.2
67 silly idealTree:prePrune ├── range-parser@1.2.0
67 silly idealTree:prePrune ├── raw-body@2.3.3
67 silly idealTree:prePrune ├── regexp-clone@0.0.1
67 silly idealTree:prePrune ├── require_optional@1.0.1
67 silly idealTree:prePrune ├── resolve-from@2.0.0
67 silly idealTree:prePrune ├── safe-buffer@5.1.1
67 silly idealTree:prePrune ├── safer-buffer@2.1.2
67 silly idealTree:prePrune ├── sanitize@2.1.0
67 silly idealTree:prePrune ├── semver@5.5.0
67 silly idealTree:prePrune ├─┬ send@0.16.2
67 silly idealTree:prePrune │ └── statuses@1.4.0
67 silly idealTree:prePrune ├── serve-static@1.13.2
67 silly idealTree:prePrune ├── setprototypeof@1.1.0
67 silly idealTree:prePrune ├── sliced@1.0.1
67 silly idealTree:prePrune ├─┬ socket.io-adapter@0.5.0
67 silly idealTree:prePrune │ ├── debug@2.3.3
67 silly idealTree:prePrune │ └── ms@0.7.2
67 silly idealTree:prePrune ├─┬ socket.io-client@1.7.4
67 silly idealTree:prePrune │ ├── component-emitter@1.2.1
67 silly idealTree:prePrune │ ├── debug@2.3.3
67 silly idealTree:prePrune │ └── ms@0.7.2
67 silly idealTree:prePrune ├─┬ socket.io-parser@2.3.1
67 silly idealTree:prePrune │ ├── debug@2.2.0
67 silly idealTree:prePrune │ └── ms@0.7.1
67 silly idealTree:prePrune ├─┬ socket.io@1.7.4
67 silly idealTree:prePrune │ ├── debug@2.3.3
67 silly idealTree:prePrune │ └── ms@0.7.2
67 silly idealTree:prePrune ├── socketio@1.0.0
67 silly idealTree:prePrune ├── statuses@1.5.0
67 silly idealTree:prePrune ├── strip-ansi@3.0.1
67 silly idealTree:prePrune ├── supports-color@2.0.0
67 silly idealTree:prePrune ├── to-array@0.1.4
67 silly idealTree:prePrune ├── type-is@1.6.16
67 silly idealTree:prePrune ├── ultron@1.0.2
67 silly idealTree:prePrune ├── underscore@1.9.1
67 silly idealTree:prePrune ├── unpipe@1.0.0
67 silly idealTree:prePrune ├── utils-merge@1.0.1
67 silly idealTree:prePrune ├── validator@3.43.0
67 silly idealTree:prePrune ├── vary@1.1.2
67 silly idealTree:prePrune ├── ws@1.1.5
67 silly idealTree:prePrune ├── wtf-8@1.0.0
67 silly idealTree:prePrune ├── xmlhttprequest-ssl@1.5.3
67 silly idealTree:prePrune └── yeast@0.1.2
68 silly loadIdealTree Finishing
69 silly currentTree basewars-webserver@1.0.0
69 silly currentTree ├── accepts@1.3.5
69 silly currentTree ├── after@0.8.2
69 silly currentTree ├── ansi-regex@2.1.1
69 silly currentTree ├── ansi-styles@2.2.1
69 silly currentTree ├── array-flatten@1.1.1
69 silly currentTree ├── arraybuffer.slice@0.0.6
69 silly currentTree ├── async@2.6.1
69 silly currentTree ├── backo2@1.0.2
69 silly currentTree ├── base64-arraybuffer@0.1.5
69 silly currentTree ├── base64id@1.0.0
69 silly currentTree ├── better-assert@1.0.2
69 silly currentTree ├── blob@0.0.4
69 silly currentTree ├── bluebird@3.5.1
69 silly currentTree ├── body-parser@1.18.3
69 silly currentTree ├── bson@1.0.6
69 silly currentTree ├── bytes@3.0.0
69 silly currentTree ├── callsite@1.0.0
69 silly currentTree ├── chalk@1.1.3
69 silly currentTree ├── component-bind@1.0.0
69 silly currentTree ├── component-emitter@1.1.2
69 silly currentTree ├── component-inherit@0.0.3
69 silly currentTree ├── content-disposition@0.5.2
69 silly currentTree ├── content-type@1.0.4
69 silly currentTree ├── cookie-parser@1.4.3
69 silly currentTree ├── cookie-signature@1.0.6
69 silly currentTree ├── cookie@0.3.1
69 silly currentTree ├── debug@2.6.9
69 silly currentTree ├── depd@1.1.2
69 silly currentTree ├── destroy@1.0.4
69 silly currentTree ├── ee-first@1.1.1
69 silly currentTree ├── ejs@2.6.1
69 silly currentTree ├── encodeurl@1.0.2
69 silly currentTree ├─┬ engine.io-client@1.8.5
69 silly currentTree │ ├── component-emitter@1.2.1
69 silly currentTree │ ├── debug@2.3.3
69 silly currentTree │ └── ms@0.7.2
69 silly currentTree ├── engine.io-parser@1.3.2
69 silly currentTree ├─┬ engine.io@1.8.5
69 silly currentTree │ ├── accepts@1.3.3
69 silly currentTree │ ├── debug@2.3.3
69 silly currentTree │ └── ms@0.7.2
69 silly currentTree ├── escape-html@1.0.3
69 silly currentTree ├── escape-string-regexp@1.0.5
69 silly currentTree ├── etag@1.8.1
69 silly currentTree ├─┬ express@4.16.3
69 silly currentTree │ ├── body-parser@1.18.2
69 silly currentTree │ ├── iconv-lite@0.4.19
69 silly currentTree │ ├── qs@6.5.1
69 silly currentTree │ ├─┬ raw-body@2.3.2
69 silly currentTree │ │ ├── depd@1.1.1
69 silly currentTree │ │ ├── http-errors@1.6.2
69 silly currentTree │ │ └── setprototypeof@1.0.3
69 silly currentTree │ └── statuses@1.4.0
69 silly currentTree ├─┬ finalhandler@1.1.1
69 silly currentTree │ └── statuses@1.4.0
69 silly currentTree ├── forwarded@0.1.2
69 silly currentTree ├── fresh@0.5.2
69 silly currentTree ├── harmonica@1.2.2
69 silly currentTree ├── has-ansi@2.0.0
69 silly currentTree ├── has-binary@0.1.7
69 silly currentTree ├── has-cors@1.1.0
69 silly currentTree ├── http-errors@1.6.3
69 silly currentTree ├── iconv-lite@0.4.23
69 silly currentTree ├── indexof@0.0.1
69 silly currentTree ├── inherits@2.0.3
69 silly currentTree ├── ipaddr.js@1.6.0
69 silly currentTree ├── isarray@0.0.1
69 silly currentTree ├── json3@3.3.2
69 silly currentTree ├── kareem@2.1.0
69 silly currentTree ├── lodash.get@4.4.2
69 silly currentTree ├── lodash.toarray@4.4.0
69 silly currentTree ├── lodash@4.17.10
69 silly currentTree ├── media-typer@0.3.0
69 silly currentTree ├── merge-descriptors@1.0.1
69 silly currentTree ├── methods@1.1.2
69 silly currentTree ├── mime-db@1.33.0
69 silly currentTree ├── mime-types@2.1.18
69 silly currentTree ├── mime@1.4.1
69 silly currentTree ├── mongodb-core@3.0.8
69 silly currentTree ├── mongodb@3.0.9
69 silly currentTree ├── mongoose-legacy-pluralize@1.0.2
69 silly currentTree ├── mongoose@5.1.4
69 silly currentTree ├── mpath@0.4.1
69 silly currentTree ├─┬ mquery@3.0.0
69 silly currentTree │ ├── bluebird@3.5.0
69 silly currentTree │ └── sliced@0.0.5
69 silly currentTree ├── ms@2.0.0
69 silly currentTree ├── negotiator@0.6.1
69 silly currentTree ├── node-emoji@1.8.1
69 silly currentTree ├── object-assign@4.1.0
69 silly currentTree ├── object-component@0.0.3
69 silly currentTree ├── on-finished@2.3.0
69 silly currentTree ├── options@0.0.6
69 silly currentTree ├── parsejson@0.0.3
69 silly currentTree ├── parseqs@0.0.5
69 silly currentTree ├── parseuri@0.0.5
69 silly currentTree ├── parseurl@1.3.2
69 silly currentTree ├── passport-local@1.0.0
69 silly currentTree ├── passport-strategy@1.0.0
69 silly currentTree ├── passport@0.4.0
69 silly currentTree ├── path-to-regexp@0.1.7
69 silly currentTree ├── pause@0.0.1
69 silly currentTree ├── proxy-addr@2.0.3
69 silly currentTree ├── qs@6.5.2
69 silly currentTree ├── range-parser@1.2.0
69 silly currentTree ├── raw-body@2.3.3
69 silly currentTree ├── regexp-clone@0.0.1
69 silly currentTree ├── require_optional@1.0.1
69 silly currentTree ├── resolve-from@2.0.0
69 silly currentTree ├── safe-buffer@5.1.1
69 silly currentTree ├── safer-buffer@2.1.2
69 silly currentTree ├── sanitize@2.1.0
69 silly currentTree ├── semver@5.5.0
69 silly currentTree ├─┬ send@0.16.2
69 silly currentTree │ └── statuses@1.4.0
69 silly currentTree ├── serve-static@1.13.2
69 silly currentTree ├── setprototypeof@1.1.0
69 silly currentTree ├── sliced@1.0.1
69 silly currentTree ├─┬ socket.io-adapter@0.5.0
69 silly currentTree │ ├── debug@2.3.3
69 silly currentTree │ └── ms@0.7.2
69 silly currentTree ├─┬ socket.io-client@1.7.4
69 silly currentTree │ ├── component-emitter@1.2.1
69 silly currentTree │ ├── debug@2.3.3
69 silly currentTree │ └── ms@0.7.2
69 silly currentTree ├─┬ socket.io-parser@2.3.1
69 silly currentTree │ ├── debug@2.2.0
69 silly currentTree │ └── ms@0.7.1
69 silly currentTree ├─┬ socket.io@1.7.4
69 silly currentTree │ ├── debug@2.3.3
69 silly currentTree │ └── ms@0.7.2
69 silly currentTree ├── socketio@1.0.0
69 silly currentTree ├── statuses@1.5.0
69 silly currentTree ├── strip-ansi@3.0.1
69 silly currentTree ├── supports-color@2.0.0
69 silly currentTree ├── to-array@0.1.4
69 silly currentTree ├── type-is@1.6.16
69 silly currentTree ├── ultron@1.0.2
69 silly currentTree ├── unpipe@1.0.0
69 silly currentTree ├── utils-merge@1.0.1
69 silly currentTree ├── validator@3.43.0
69 silly currentTree ├── vary@1.1.2
69 silly currentTree ├── ws@1.1.5
69 silly currentTree ├── wtf-8@1.0.0
69 silly currentTree ├── xmlhttprequest-ssl@1.5.3
69 silly currentTree └── yeast@0.1.2
70 silly idealTree basewars-webserver@1.0.0
70 silly idealTree ├── accepts@1.3.5
70 silly idealTree ├── after@0.8.2
70 silly idealTree ├── ansi-regex@2.1.1
70 silly idealTree ├── ansi-styles@2.2.1
70 silly idealTree ├── array-flatten@1.1.1
70 silly idealTree ├── arraybuffer.slice@0.0.6
70 silly idealTree ├── async@2.6.1
70 silly idealTree ├── backo2@1.0.2
70 silly idealTree ├── base64-arraybuffer@0.1.5
70 silly idealTree ├── base64id@1.0.0
70 silly idealTree ├── better-assert@1.0.2
70 silly idealTree ├── blob@0.0.4
70 silly idealTree ├── bluebird@3.5.1
70 silly idealTree ├── body-parser@1.18.3
70 silly idealTree ├── bson@1.0.6
70 silly idealTree ├── bytes@3.0.0
70 silly idealTree ├── callsite@1.0.0
70 silly idealTree ├── chalk@1.1.3
70 silly idealTree ├── component-bind@1.0.0
70 silly idealTree ├── component-emitter@1.1.2
70 silly idealTree ├── component-inherit@0.0.3
70 silly idealTree ├── content-disposition@0.5.2
70 silly idealTree ├── content-type@1.0.4
70 silly idealTree ├── cookie-parser@1.4.3
70 silly idealTree ├── cookie-signature@1.0.6
70 silly idealTree ├── cookie@0.3.1
70 silly idealTree ├── debug@2.6.9
70 silly idealTree ├── depd@1.1.2
70 silly idealTree ├── destroy@1.0.4
70 silly idealTree ├── ee-first@1.1.1
70 silly idealTree ├── ejs@2.6.1
70 silly idealTree ├── encodeurl@1.0.2
70 silly idealTree ├─┬ engine.io-client@1.8.5
70 silly idealTree │ ├── component-emitter@1.2.1
70 silly idealTree │ ├── debug@2.3.3
70 silly idealTree │ └── ms@0.7.2
70 silly idealTree ├── engine.io-parser@1.3.2
70 silly idealTree ├─┬ engine.io@1.8.5
70 silly idealTree │ ├── accepts@1.3.3
70 silly idealTree │ ├── debug@2.3.3
70 silly idealTree │ └── ms@0.7.2
70 silly idealTree ├── escape-html@1.0.3
70 silly idealTree ├── escape-string-regexp@1.0.5
70 silly idealTree ├── etag@1.8.1
70 silly idealTree ├─┬ express@4.16.3
70 silly idealTree │ ├── body-parser@1.18.2
70 silly idealTree │ ├── iconv-lite@0.4.19
70 silly idealTree │ ├── qs@6.5.1
70 silly idealTree │ ├─┬ raw-body@2.3.2
70 silly idealTree │ │ ├── depd@1.1.1
70 silly idealTree │ │ ├── http-errors@1.6.2
70 silly idealTree │ │ └── setprototypeof@1.0.3
70 silly idealTree │ └── statuses@1.4.0
70 silly idealTree ├─┬ finalhandler@1.1.1
70 silly idealTree │ └── statuses@1.4.0
70 silly idealTree ├── forwarded@0.1.2
70 silly idealTree ├── fresh@0.5.2
70 silly idealTree ├── harmonica@1.2.2
70 silly idealTree ├── has-ansi@2.0.0
70 silly idealTree ├── has-binary@0.1.7
70 silly idealTree ├── has-cors@1.1.0
70 silly idealTree ├── http-errors@1.6.3
70 silly idealTree ├── iconv-lite@0.4.23
70 silly idealTree ├── indexof@0.0.1
70 silly idealTree ├── inherits@2.0.3
70 silly idealTree ├── ipaddr.js@1.6.0
70 silly idealTree ├── isarray@0.0.1
70 silly idealTree ├── json3@3.3.2
70 silly idealTree ├── kareem@2.1.0
70 silly idealTree ├── lodash.get@4.4.2
70 silly idealTree ├── lodash.toarray@4.4.0
70 silly idealTree ├── lodash@4.17.10
70 silly idealTree ├── media-typer@0.3.0
70 silly idealTree ├── merge-descriptors@1.0.1
70 silly idealTree ├── methods@1.1.2
70 silly idealTree ├── mime-db@1.33.0
70 silly idealTree ├── mime-types@2.1.18
70 silly idealTree ├── mime@1.4.1
70 silly idealTree ├── mongodb-core@3.0.8
70 silly idealTree ├── mongodb@3.0.9
70 silly idealTree ├── mongoose-legacy-pluralize@1.0.2
70 silly idealTree ├── mongoose@5.1.4
70 silly idealTree ├── mpath@0.4.1
70 silly idealTree ├─┬ mquery@3.0.0
70 silly idealTree │ ├── bluebird@3.5.0
70 silly idealTree │ └── sliced@0.0.5
70 silly idealTree ├── ms@2.0.0
70 silly idealTree ├── negotiator@0.6.1
70 silly idealTree ├── node-emoji@1.8.1
70 silly idealTree ├── object-assign@4.1.0
70 silly idealTree ├── object-component@0.0.3
70 silly idealTree ├── on-finished@2.3.0
70 silly idealTree ├── options@0.0.6
70 silly idealTree ├── parsejson@0.0.3
70 silly idealTree ├── parseqs@0.0.5
70 silly idealTree ├── parseuri@0.0.5
70 silly idealTree ├── parseurl@1.3.2
70 silly idealTree ├── passport-local@1.0.0
70 silly idealTree ├── passport-strategy@1.0.0
70 silly idealTree ├── passport@0.4.0
70 silly idealTree ├── path-to-regexp@0.1.7
70 silly idealTree ├── pause@0.0.1
70 silly idealTree ├── proxy-addr@2.0.3
70 silly idealTree ├── qs@6.5.2
70 silly idealTree ├── range-parser@1.2.0
70 silly idealTree ├── raw-body@2.3.3
70 silly idealTree ├── regexp-clone@0.0.1
70 silly idealTree ├── require_optional@1.0.1
70 silly idealTree ├── resolve-from@2.0.0
70 silly idealTree ├── safe-buffer@5.1.1
70 silly idealTree ├── safer-buffer@2.1.2
70 silly idealTree ├── sanitize@2.1.0
70 silly idealTree ├── semver@5.5.0
70 silly idealTree ├─┬ send@0.16.2
70 silly idealTree │ └── statuses@1.4.0
70 silly idealTree ├── serve-static@1.13.2
70 silly idealTree ├── setprototypeof@1.1.0
70 silly idealTree ├── sliced@1.0.1
70 silly idealTree ├─┬ socket.io-adapter@0.5.0
70 silly idealTree │ ├── debug@2.3.3
70 silly idealTree │ └── ms@0.7.2
70 silly idealTree ├─┬ socket.io-client@1.7.4
70 silly idealTree │ ├── component-emitter@1.2.1
70 silly idealTree │ ├── debug@2.3.3
70 silly idealTree │ └── ms@0.7.2
70 silly idealTree ├─┬ socket.io-parser@2.3.1
70 silly idealTree │ ├── debug@2.2.0
70 silly idealTree │ └── ms@0.7.1
70 silly idealTree ├─┬ socket.io@1.7.4
70 silly idealTree │ ├── debug@2.3.3
70 silly idealTree │ └── ms@0.7.2
70 silly idealTree ├── socketio@1.0.0
70 silly idealTree ├── statuses@1.5.0
70 silly idealTree ├── strip-ansi@3.0.1
70 silly idealTree ├── supports-color@2.0.0
70 silly idealTree ├── to-array@0.1.4
70 silly idealTree ├── type-is@1.6.16
70 silly idealTree ├── ultron@1.0.2
70 silly idealTree ├── underscore@1.9.1
70 silly idealTree ├── unpipe@1.0.0
70 silly idealTree ├── utils-merge@1.0.1
70 silly idealTree ├── validator@3.43.0
70 silly idealTree ├── vary@1.1.2
70 silly idealTree ├── ws@1.1.5
70 silly idealTree ├── wtf-8@1.0.0
70 silly idealTree ├── xmlhttprequest-ssl@1.5.3
70 silly idealTree └── yeast@0.1.2
71 silly generateActionsToTake Starting
72 silly install generateActionsToTake
73 warn checkPermissions Missing write access to /home/ubuntu/Stink-Points/node_modules/async
74 warn checkPermissions Missing write access to /home/ubuntu/Stink-Points/node_modules/bluebird
75 warn checkPermissions Missing write access to /home/ubuntu/Stink-Points/node_modules
76 silly rollbackFailedOptional Starting
77 silly rollbackFailedOptional Finishing
78 silly runTopLevelLifecycles Starting
79 silly runTopLevelLifecycles Finishing
80 silly install printInstalled
81 warn basewars-webserver@1.0.0 No repository field.
82 verbose stack Error: EACCES: permission denied, access '/home/ubuntu/Stink-Points/node_modules/async'
82 verbose stack     at Error (native)
83 verbose cwd /home/ubuntu/Stink-Points
84 error Linux 4.4.0-1060-aws
85 error argv "/usr/bin/nodejs" "/usr/bin/npm" "install" "underscore" "--save"
86 error node v4.2.6
87 error npm  v3.5.2
88 error path /home/ubuntu/Stink-Points/node_modules/async
89 error code EACCES
90 error errno -13
91 error syscall access
92 error Error: EACCES: permission denied, access '/home/ubuntu/Stink-Points/node_modules/async'
92 error     at Error (native)
92 error  { [Error: EACCES: permission denied, access '/home/ubuntu/Stink-Points/node_modules/async']
92 error   errno: -13,
92 error   code: 'EACCES',
92 error   syscall: 'access',
92 error   path: '/home/ubuntu/Stink-Points/node_modules/async' }
93 error Please try running this command again as root/Administrator.
94 verbose exit [ -13, true ]
